2019-05-31 17:17:53.422 [main] INFO  com.ypb.canal.CanalApplication 48 - Starting CanalApplication on USER-20170815QH with PID 5604 (E:\gitproject\learning\learning-canal\target\classes started by Administrator in E:\gitproject\learning)
2019-05-31 17:17:53.425 [main] INFO  com.ypb.canal.CanalApplication 665 - The following profiles are active: dev
2019-05-31 17:17:53.463 [main] INFO  o.s.c.a.AnnotationConfigApplicationContext 582 - Refreshing org.springframework.context.annotation.AnnotationConfigApplicationContext@5674e1f2: startup date [Fri May 31 17:17:53 CST 2019]; root of context hierarchy
2019-05-31 17:17:53.998 [main] INFO  o.s.d.r.config.RepositoryConfigurationDelegate 170 - Multiple Spring Data modules found, entering strict repository configuration mode!
2019-05-31 17:17:54.949 [main] INFO  o.s.scheduling.concurrent.ThreadPoolTaskExecutor 165 - Initializing ExecutorService  'canal'
2019-05-31 17:17:55.384 [main] INFO  o.s.jmx.export.annotation.AnnotationMBeanExporter 431 - Registering beans for JMX exposure on startup
2019-05-31 17:17:55.385 [main] INFO  o.s.jmx.export.annotation.AnnotationMBeanExporter 916 - Bean with name 'dataSource' has been autodetected for JMX exposure
2019-05-31 17:17:55.389 [main] INFO  o.s.jmx.export.annotation.AnnotationMBeanExporter 671 - Located MBean 'dataSource': registering with JMX server as MBean [com.alibaba.druid.pool:name=dataSource,type=DruidDataSource]
2019-05-31 17:17:55.401 [main] INFO  com.ypb.canal.CanalApplication 57 - Started CanalApplication in 2.48 seconds (JVM running for 4.168)
2019-05-31 17:17:55.402 [Thread-8] INFO  o.s.c.a.AnnotationConfigApplicationContext 987 - Closing org.springframework.context.annotation.AnnotationConfigApplicationContext@5674e1f2: startup date [Fri May 31 17:17:53 CST 2019]; root of context hierarchy
2019-05-31 17:17:55.404 [Thread-8] INFO  o.s.jmx.export.annotation.AnnotationMBeanExporter 449 - Unregistering JMX-exposed beans on shutdown
2019-05-31 17:17:55.404 [Thread-8] INFO  o.s.jmx.export.annotation.AnnotationMBeanExporter 241 - Unregistering JMX-exposed beans
2019-05-31 17:17:55.404 [Thread-8] INFO  o.s.scheduling.concurrent.ThreadPoolTaskExecutor 203 - Shutting down ExecutorService 'canal'
2019-05-31 17:20:15.085 [main] INFO  com.ypb.canal.CanalApplication 48 - Starting CanalApplication on USER-20170815QH with PID 1316 (E:\gitproject\learning\learning-canal\target\classes started by Administrator in E:\gitproject\learning)
2019-05-31 17:20:15.090 [main] INFO  com.ypb.canal.CanalApplication 665 - The following profiles are active: dev
2019-05-31 17:20:15.131 [main] INFO  o.s.c.a.AnnotationConfigApplicationContext 582 - Refreshing org.springframework.context.annotation.AnnotationConfigApplicationContext@71454b9d: startup date [Fri May 31 17:20:15 CST 2019]; root of context hierarchy
2019-05-31 17:20:15.626 [main] INFO  o.s.d.r.config.RepositoryConfigurationDelegate 170 - Multiple Spring Data modules found, entering strict repository configuration mode!
2019-05-31 17:20:16.221 [main] INFO  o.s.scheduling.concurrent.ThreadPoolTaskExecutor 165 - Initializing ExecutorService  'canal'
2019-05-31 17:20:16.624 [main] INFO  o.s.jmx.export.annotation.AnnotationMBeanExporter 431 - Registering beans for JMX exposure on startup
2019-05-31 17:20:16.625 [main] INFO  o.s.jmx.export.annotation.AnnotationMBeanExporter 916 - Bean with name 'dataSource' has been autodetected for JMX exposure
2019-05-31 17:20:16.628 [main] INFO  o.s.jmx.export.annotation.AnnotationMBeanExporter 671 - Located MBean 'dataSource': registering with JMX server as MBean [com.alibaba.druid.pool:name=dataSource,type=DruidDataSource]
2019-05-31 17:20:16.637 [main] INFO  o.s.b.a.l.AutoConfigurationReportLoggingInitializer 101 - 

Error starting ApplicationContext. To display the auto-configuration report re-run your application with 'debug' enabled.
2019-05-31 17:20:16.658 [main] ERROR org.springframework.boot.SpringApplication 839 - Application startup failed
java.lang.NullPointerException: null
	at org.springframework.scheduling.annotation.ScheduledAnnotationBeanPostProcessor.resolveSchedulerBean(ScheduledAnnotationBeanPostProcessor.java:281)
	at org.springframework.scheduling.annotation.ScheduledAnnotationBeanPostProcessor.finishRegistration(ScheduledAnnotationBeanPostProcessor.java:221)
	at org.springframework.scheduling.annotation.ScheduledAnnotationBeanPostProcessor.onApplicationEvent(ScheduledAnnotationBeanPostProcessor.java:200)
	at org.springframework.scheduling.annotation.ScheduledAnnotationBeanPostProcessor.onApplicationEvent(ScheduledAnnotationBeanPostProcessor.java:94)
	at org.springframework.context.event.SimpleApplicationEventMulticaster.invokeListener(SimpleApplicationEventMulticaster.java:167)
	at org.springframework.context.event.SimpleApplicationEventMulticaster.multicastEvent(SimpleApplicationEventMulticaster.java:139)
	at org.springframework.context.support.AbstractApplicationContext.publishEvent(AbstractApplicationContext.java:383)
	at org.springframework.context.support.AbstractApplicationContext.publishEvent(AbstractApplicationContext.java:337)
	at org.springframework.context.support.AbstractApplicationContext.finishRefresh(AbstractApplicationContext.java:882)
	at org.springframework.context.support.AbstractApplicationContext.refresh(AbstractApplicationContext.java:545)
	at org.springframework.boot.SpringApplication.refresh(SpringApplication.java:761)
	at org.springframework.boot.SpringApplication.refreshContext(SpringApplication.java:371)
	at org.springframework.boot.SpringApplication.run(SpringApplication.java:315)
	at org.springframework.boot.SpringApplication.run(SpringApplication.java:1186)
	at org.springframework.boot.SpringApplication.run(SpringApplication.java:1175)
	at com.ypb.canal.CanalApplication.main(CanalApplication.java:15)
2019-05-31 17:20:16.660 [main] INFO  o.s.c.a.AnnotationConfigApplicationContext 987 - Closing org.springframework.context.annotation.AnnotationConfigApplicationContext@71454b9d: startup date [Fri May 31 17:20:15 CST 2019]; root of context hierarchy
2019-05-31 17:20:16.662 [main] INFO  o.s.jmx.export.annotation.AnnotationMBeanExporter 449 - Unregistering JMX-exposed beans on shutdown
2019-05-31 17:20:16.662 [main] INFO  o.s.jmx.export.annotation.AnnotationMBeanExporter 241 - Unregistering JMX-exposed beans
2019-05-31 17:20:16.663 [main] INFO  o.s.scheduling.concurrent.ThreadPoolTaskExecutor 203 - Shutting down ExecutorService 'canal'
2019-05-31 17:21:12.468 [main] INFO  com.ypb.canal.CanalApplication 48 - Starting CanalApplication on USER-20170815QH with PID 11924 (E:\gitproject\learning\learning-canal\target\classes started by Administrator in E:\gitproject\learning)
2019-05-31 17:21:12.470 [main] INFO  com.ypb.canal.CanalApplication 665 - The following profiles are active: dev
2019-05-31 17:21:12.508 [main] INFO  o.s.c.a.AnnotationConfigApplicationContext 582 - Refreshing org.springframework.context.annotation.AnnotationConfigApplicationContext@4ec4f3a0: startup date [Fri May 31 17:21:12 CST 2019]; root of context hierarchy
2019-05-31 17:21:13.076 [main] INFO  o.s.d.r.config.RepositoryConfigurationDelegate 170 - Multiple Spring Data modules found, entering strict repository configuration mode!
2019-05-31 17:21:13.546 [main] INFO  o.s.scheduling.concurrent.ThreadPoolTaskExecutor 165 - Initializing ExecutorService  'canal'
2019-05-31 17:21:13.817 [main] INFO  o.s.jmx.export.annotation.AnnotationMBeanExporter 431 - Registering beans for JMX exposure on startup
2019-05-31 17:21:13.818 [main] INFO  o.s.jmx.export.annotation.AnnotationMBeanExporter 916 - Bean with name 'dataSource' has been autodetected for JMX exposure
2019-05-31 17:21:13.822 [main] INFO  o.s.jmx.export.annotation.AnnotationMBeanExporter 671 - Located MBean 'dataSource': registering with JMX server as MBean [com.alibaba.druid.pool:name=dataSource,type=DruidDataSource]
2019-05-31 17:21:13.832 [main] INFO  o.s.b.a.l.AutoConfigurationReportLoggingInitializer 101 - 

Error starting ApplicationContext. To display the auto-configuration report re-run your application with 'debug' enabled.
2019-05-31 17:21:13.837 [main] ERROR org.springframework.boot.SpringApplication 839 - Application startup failed
java.lang.NullPointerException: null
	at org.springframework.scheduling.annotation.ScheduledAnnotationBeanPostProcessor.resolveSchedulerBean(ScheduledAnnotationBeanPostProcessor.java:281)
	at org.springframework.scheduling.annotation.ScheduledAnnotationBeanPostProcessor.finishRegistration(ScheduledAnnotationBeanPostProcessor.java:221)
	at org.springframework.scheduling.annotation.ScheduledAnnotationBeanPostProcessor.onApplicationEvent(ScheduledAnnotationBeanPostProcessor.java:200)
	at org.springframework.scheduling.annotation.ScheduledAnnotationBeanPostProcessor.onApplicationEvent(ScheduledAnnotationBeanPostProcessor.java:94)
	at org.springframework.context.event.SimpleApplicationEventMulticaster.invokeListener(SimpleApplicationEventMulticaster.java:167)
	at org.springframework.context.event.SimpleApplicationEventMulticaster.multicastEvent(SimpleApplicationEventMulticaster.java:139)
	at org.springframework.context.support.AbstractApplicationContext.publishEvent(AbstractApplicationContext.java:383)
	at org.springframework.context.support.AbstractApplicationContext.publishEvent(AbstractApplicationContext.java:337)
	at org.springframework.context.support.AbstractApplicationContext.finishRefresh(AbstractApplicationContext.java:882)
	at org.springframework.context.support.AbstractApplicationContext.refresh(AbstractApplicationContext.java:545)
	at org.springframework.boot.SpringApplication.refresh(SpringApplication.java:761)
	at org.springframework.boot.SpringApplication.refreshContext(SpringApplication.java:371)
	at org.springframework.boot.SpringApplication.run(SpringApplication.java:315)
	at org.springframework.boot.SpringApplication.run(SpringApplication.java:1186)
	at org.springframework.boot.SpringApplication.run(SpringApplication.java:1175)
	at com.ypb.canal.CanalApplication.main(CanalApplication.java:14)
2019-05-31 17:21:13.838 [main] INFO  o.s.c.a.AnnotationConfigApplicationContext 987 - Closing org.springframework.context.annotation.AnnotationConfigApplicationContext@4ec4f3a0: startup date [Fri May 31 17:21:12 CST 2019]; root of context hierarchy
2019-05-31 17:21:13.840 [main] INFO  o.s.jmx.export.annotation.AnnotationMBeanExporter 449 - Unregistering JMX-exposed beans on shutdown
2019-05-31 17:21:13.841 [main] INFO  o.s.jmx.export.annotation.AnnotationMBeanExporter 241 - Unregistering JMX-exposed beans
2019-05-31 17:21:13.841 [main] INFO  o.s.scheduling.concurrent.ThreadPoolTaskExecutor 203 - Shutting down ExecutorService 'canal'
2019-05-31 17:23:33.514 [main] INFO  com.ypb.canal.CanalApplication 48 - Starting CanalApplication on USER-20170815QH with PID 4948 (E:\gitproject\learning\learning-canal\target\classes started by Administrator in E:\gitproject\learning)
2019-05-31 17:23:33.517 [main] INFO  com.ypb.canal.CanalApplication 665 - The following profiles are active: dev
2019-05-31 17:23:33.563 [main] INFO  o.s.c.a.AnnotationConfigApplicationContext 582 - Refreshing org.springframework.context.annotation.AnnotationConfigApplicationContext@62e20a76: startup date [Fri May 31 17:23:33 CST 2019]; root of context hierarchy
2019-05-31 17:23:34.091 [main] INFO  o.s.d.r.config.RepositoryConfigurationDelegate 170 - Multiple Spring Data modules found, entering strict repository configuration mode!
2019-05-31 17:23:34.746 [main] INFO  o.s.scheduling.concurrent.ThreadPoolTaskExecutor 165 - Initializing ExecutorService  'canal'
2019-05-31 17:23:35.178 [main] INFO  o.s.jmx.export.annotation.AnnotationMBeanExporter 431 - Registering beans for JMX exposure on startup
2019-05-31 17:23:35.180 [main] INFO  o.s.jmx.export.annotation.AnnotationMBeanExporter 916 - Bean with name 'dataSource' has been autodetected for JMX exposure
2019-05-31 17:23:35.183 [main] INFO  o.s.jmx.export.annotation.AnnotationMBeanExporter 671 - Located MBean 'dataSource': registering with JMX server as MBean [com.alibaba.druid.pool:name=dataSource,type=DruidDataSource]
2019-05-31 17:23:35.192 [main] INFO  o.s.b.a.l.AutoConfigurationReportLoggingInitializer 101 - 

Error starting ApplicationContext. To display the auto-configuration report re-run your application with 'debug' enabled.
2019-05-31 17:23:35.197 [main] ERROR org.springframework.boot.SpringApplication 839 - Application startup failed
java.lang.NullPointerException: null
	at org.springframework.scheduling.annotation.ScheduledAnnotationBeanPostProcessor.resolveSchedulerBean(ScheduledAnnotationBeanPostProcessor.java:281)
	at org.springframework.scheduling.annotation.ScheduledAnnotationBeanPostProcessor.finishRegistration(ScheduledAnnotationBeanPostProcessor.java:221)
	at org.springframework.scheduling.annotation.ScheduledAnnotationBeanPostProcessor.onApplicationEvent(ScheduledAnnotationBeanPostProcessor.java:200)
	at org.springframework.scheduling.annotation.ScheduledAnnotationBeanPostProcessor.onApplicationEvent(ScheduledAnnotationBeanPostProcessor.java:94)
	at org.springframework.context.event.SimpleApplicationEventMulticaster.invokeListener(SimpleApplicationEventMulticaster.java:167)
	at org.springframework.context.event.SimpleApplicationEventMulticaster.multicastEvent(SimpleApplicationEventMulticaster.java:139)
	at org.springframework.context.support.AbstractApplicationContext.publishEvent(AbstractApplicationContext.java:383)
	at org.springframework.context.support.AbstractApplicationContext.publishEvent(AbstractApplicationContext.java:337)
	at org.springframework.context.support.AbstractApplicationContext.finishRefresh(AbstractApplicationContext.java:882)
	at org.springframework.context.support.AbstractApplicationContext.refresh(AbstractApplicationContext.java:545)
	at org.springframework.boot.SpringApplication.refresh(SpringApplication.java:761)
	at org.springframework.boot.SpringApplication.refreshContext(SpringApplication.java:371)
	at org.springframework.boot.SpringApplication.run(SpringApplication.java:315)
	at org.springframework.boot.SpringApplication.run(SpringApplication.java:1186)
	at org.springframework.boot.SpringApplication.run(SpringApplication.java:1175)
	at com.ypb.canal.CanalApplication.main(CanalApplication.java:14)
2019-05-31 17:23:35.198 [main] INFO  o.s.c.a.AnnotationConfigApplicationContext 987 - Closing org.springframework.context.annotation.AnnotationConfigApplicationContext@62e20a76: startup date [Fri May 31 17:23:33 CST 2019]; root of context hierarchy
2019-05-31 17:23:35.200 [main] INFO  o.s.jmx.export.annotation.AnnotationMBeanExporter 449 - Unregistering JMX-exposed beans on shutdown
2019-05-31 17:23:35.200 [main] INFO  o.s.jmx.export.annotation.AnnotationMBeanExporter 241 - Unregistering JMX-exposed beans
2019-05-31 17:23:35.201 [main] INFO  o.s.scheduling.concurrent.ThreadPoolTaskExecutor 203 - Shutting down ExecutorService 'canal'
2019-05-31 17:25:00.805 [main] INFO  com.ypb.canal.CanalApplication 48 - Starting CanalApplication on USER-20170815QH with PID 7804 (E:\gitproject\learning\learning-canal\target\classes started by Administrator in E:\gitproject\learning)
2019-05-31 17:25:00.847 [main] INFO  com.ypb.canal.CanalApplication 665 - The following profiles are active: dev
2019-05-31 17:25:00.895 [main] INFO  o.s.c.a.AnnotationConfigApplicationContext 582 - Refreshing org.springframework.context.annotation.AnnotationConfigApplicationContext@2cc44ad: startup date [Fri May 31 17:25:00 CST 2019]; root of context hierarchy
2019-05-31 17:25:01.520 [main] INFO  o.s.d.r.config.RepositoryConfigurationDelegate 170 - Multiple Spring Data modules found, entering strict repository configuration mode!
2019-05-31 17:25:02.106 [main] INFO  o.s.scheduling.concurrent.ThreadPoolTaskExecutor 165 - Initializing ExecutorService  'canal'
2019-05-31 17:25:02.515 [main] INFO  o.s.jmx.export.annotation.AnnotationMBeanExporter 431 - Registering beans for JMX exposure on startup
2019-05-31 17:25:02.516 [main] INFO  o.s.jmx.export.annotation.AnnotationMBeanExporter 916 - Bean with name 'dataSource' has been autodetected for JMX exposure
2019-05-31 17:25:02.520 [main] INFO  o.s.jmx.export.annotation.AnnotationMBeanExporter 671 - Located MBean 'dataSource': registering with JMX server as MBean [com.alibaba.druid.pool:name=dataSource,type=DruidDataSource]
2019-05-31 17:25:02.530 [main] INFO  o.s.b.a.l.AutoConfigurationReportLoggingInitializer 101 - 

Error starting ApplicationContext. To display the auto-configuration report re-run your application with 'debug' enabled.
2019-05-31 17:25:02.535 [main] ERROR org.springframework.boot.SpringApplication 839 - Application startup failed
java.lang.NullPointerException: null
	at org.springframework.scheduling.annotation.ScheduledAnnotationBeanPostProcessor.resolveSchedulerBean(ScheduledAnnotationBeanPostProcessor.java:281)
	at org.springframework.scheduling.annotation.ScheduledAnnotationBeanPostProcessor.finishRegistration(ScheduledAnnotationBeanPostProcessor.java:221)
	at org.springframework.scheduling.annotation.ScheduledAnnotationBeanPostProcessor.onApplicationEvent(ScheduledAnnotationBeanPostProcessor.java:200)
	at org.springframework.scheduling.annotation.ScheduledAnnotationBeanPostProcessor.onApplicationEvent(ScheduledAnnotationBeanPostProcessor.java:94)
	at org.springframework.context.event.SimpleApplicationEventMulticaster.invokeListener(SimpleApplicationEventMulticaster.java:167)
	at org.springframework.context.event.SimpleApplicationEventMulticaster.multicastEvent(SimpleApplicationEventMulticaster.java:139)
	at org.springframework.context.support.AbstractApplicationContext.publishEvent(AbstractApplicationContext.java:383)
	at org.springframework.context.support.AbstractApplicationContext.publishEvent(AbstractApplicationContext.java:337)
	at org.springframework.context.support.AbstractApplicationContext.finishRefresh(AbstractApplicationContext.java:882)
	at org.springframework.context.support.AbstractApplicationContext.refresh(AbstractApplicationContext.java:545)
	at org.springframework.boot.SpringApplication.refresh(SpringApplication.java:761)
	at org.springframework.boot.SpringApplication.refreshContext(SpringApplication.java:371)
	at org.springframework.boot.SpringApplication.run(SpringApplication.java:315)
	at org.springframework.boot.SpringApplication.run(SpringApplication.java:1186)
	at org.springframework.boot.SpringApplication.run(SpringApplication.java:1175)
	at com.ypb.canal.CanalApplication.main(CanalApplication.java:14)
2019-05-31 17:25:02.536 [main] INFO  o.s.c.a.AnnotationConfigApplicationContext 987 - Closing org.springframework.context.annotation.AnnotationConfigApplicationContext@2cc44ad: startup date [Fri May 31 17:25:00 CST 2019]; root of context hierarchy
2019-05-31 17:25:02.538 [main] INFO  o.s.jmx.export.annotation.AnnotationMBeanExporter 449 - Unregistering JMX-exposed beans on shutdown
2019-05-31 17:25:02.539 [main] INFO  o.s.jmx.export.annotation.AnnotationMBeanExporter 241 - Unregistering JMX-exposed beans
2019-05-31 17:25:02.539 [main] INFO  o.s.scheduling.concurrent.ThreadPoolTaskExecutor 203 - Shutting down ExecutorService 'canal'
